#
# There is insufficient memory for the Java Runtime Environment to continue.
# Native memory allocation (mmap) failed to map 264241152 bytes for G1 virtual space
# Possible reasons:
#   The system is out of physical RAM or swap space
#   The process is running with CompressedOops enabled, and the Java Heap may be blocking the growth of the native heap
# Possible solutions:
#   Reduce memory load on the system
#   Increase physical memory or swap space
#   Check if swap backing store is full
#   Decrease Java heap size (-Xmx/-Xms)
#   Decrease number of Java threads
#   Decrease Java thread stack sizes (-Xss)
#   Set larger code cache with -XX:ReservedCodeCacheSize=
#   JVM is running with Zero Based Compressed Oops mode in which the Java heap is
#     placed in the first 32GB address space. The Java Heap base address is the
#     maximum limit for the native heap growth. Please use -XX:HeapBaseMinAddress
#     to set the Java Heap base and to place the Java Heap above 32GB virtual address.
# This output file may be truncated or incomplete.
#
#  Out of Memory Error (os_windows.cpp:3469), pid=30096, tid=30292
#
# JRE version:  (17.0.1+12) (build )
# Java VM: Java HotSpot(TM) 64-Bit Server VM (17.0.1+12-LTS-39, mixed mode, sharing, tiered, compressed oops, compressed class ptrs, g1 gc, windows-amd64)
# No core dump will be written. Minidumps are not enabled by default on client versions of Windows
#

---------------  S U M M A R Y ------------

Command Line: wallet.LoginPage

Host: 11th Gen Intel(R) Core(TM) i5-1145G7 @ 2.60GHz, 8 cores, 15G,  Windows 10 , 64 bit Build 19041 (10.0.19041.2251)
Time: Wed Nov 30 20:40:16 2022 Eastern Standard Time elapsed time: 0.010564 seconds (0d 0h 0m 0s)

---------------  T H R E A D  ---------------

Current thread (0x000001f2e048ed90):  JavaThread "Unknown thread" [_thread_in_vm, id=30292, stack(0x0000000a40800000,0x0000000a40900000)]

Stack: [0x0000000a40800000,0x0000000a40900000]
Native frames: (J=compiled Java code, j=interpreted, Vv=VM code, C=native code)
V  [jvm.dll+0x66fa1a]
V  [jvm.dll+0x7ce5a4]
V  [jvm.dll+0x7cfd4e]
V  [jvm.dll+0x7d03b3]
V  [jvm.dll+0x242b05]
V  [jvm.dll+0x66ca39]
V  [jvm.dll+0x661502]
V  [jvm.dll+0x30081b]
V  [jvm.dll+0x307da6]
V  [jvm.dll+0x357a1e]
V  [jvm.dll+0x357c4f]
V  [jvm.dll+0x2d7ad8]
V  [jvm.dll+0x2d8a44]
V  [jvm.dll+0x7a01e1]
V  [jvm.dll+0x365791]
V  [jvm.dll+0x77f6cc]
V  [jvm.dll+0x3e812f]
V  [jvm.dll+0x3e9bd1]
C  [jli.dll+0x527b]
C  [ucrtbase.dll+0x21bb2]
C  [KERNEL32.DLL+0x174b4]
C  [ntdll.dll+0x526a1]


---------------  P R O C E S S  ---------------

Threads class SMR info:
_java_thread_list=0x00007ff87ea77818, length=0, elements={
}

Java Threads: ( => current thread )

Other Threads:
  0x000001f2e04dd360 GCTaskThread "GC Thread#0" [stack: 0x0000000a40900000,0x0000000a40a00000] [id=30776]
  0x000001f2e04eee70 ConcurrentGCThread "G1 Main Marker" [stack: 0x0000000a40a00000,0x0000000a40b00000] [id=30784]
  0x000001f2e04ef880 ConcurrentGCThread "G1 Conc#0" [stack: 0x0000000a40b00000,0x0000000a40c00000] [id=9788]

[error occurred during error reporting (printing all threads), id 0xc0000005, EXCEPTION_ACCESS_VIOLATION (0xc0000005) at pc=0x00007ff87e2c84b7]

VM state: not at safepoint (not fully initialized)

VM Mutex/Monitor currently owned by a thread:  ([mutex/lock_event])
[0x000001f2e048aa60] Heap_lock - owner thread: 0x000001f2e048ed90

Heap address: 0x0000000704400000, size: 4028 MB, Compressed Oops mode: Zero based, Oop shift amount: 3

CDS archive(s) mapped at: [0x0000000000000000-0x0000000000000000-0x0000000000000000), size 0, SharedBaseAddress: 0x0000000800000000, ArchiveRelocationMode: 0.
Narrow klass base: 0x0000000000000000, Narrow klass shift: 0, Narrow klass range: 0x0

GC Precious Log:
<Empty>

Heap:
 garbage-first heap   total 0K, used 0K [0x0000000704400000, 0x0000000800000000)
  region size 2048K, 0 young (0K), 0 survivors (0K)

[error occurred during error reporting (printing heap information), id 0xc0000005, EXCEPTION_ACCESS_VIOLATION (0xc0000005) at pc=0x00007ff87e6a8d89]

GC Heap History (0 events):
No events

Deoptimization events (0 events):
No events

Classes unloaded (0 events):
No events

Classes redefined (0 events):
No events

Internal exceptions (0 events):
No events

VM Operations (0 events):
No events

Events (1 events):
Event: 0.004 Loaded shared library C:\Program Files\Java\jdk-17.0.1\bin\java.dll


Dynamic libraries:
0x00007ff7178d0000 - 0x00007ff7178e0000 	C:\Program Files\Java\jdk-17.0.1\bin\java.exe
0x00007ff8f7a10000 - 0x00007ff8f7c08000 	C:\Windows\SYSTEM32\ntdll.dll
0x00007ff8f71c0000 - 0x00007ff8f727f000 	C:\Windows\System32\KERNEL32.DLL
0x00007ff8f5240000 - 0x00007ff8f5512000 	C:\Windows\System32\KERNELBASE.dll
0x00007ff8f58b0000 - 0x00007ff8f59b0000 	C:\Windows\System32\ucrtbase.dll
0x00007ff8bab70000 - 0x00007ff8bab8a000 	C:\Program Files\Java\jdk-17.0.1\bin\VCRUNTIME140.dll
0x00007ff8ef8f0000 - 0x00007ff8ef908000 	C:\Program Files\Java\jdk-17.0.1\bin\jli.dll
0x00007ff8f6da0000 - 0x00007ff8f6e4e000 	C:\Windows\System32\ADVAPI32.dll
0x00007ff8f6fe0000 - 0x00007ff8f707e000 	C:\Windows\System32\msvcrt.dll
0x00007ff8f6d00000 - 0x00007ff8f6d9c000 	C:\Windows\System32\sechost.dll
0x00007ff8f6e50000 - 0x00007ff8f6f75000 	C:\Windows\System32\RPCRT4.dll
0x00007ff8f6000000 - 0x00007ff8f619d000 	C:\Windows\System32\USER32.dll
0x00007ff8f5520000 - 0x00007ff8f5542000 	C:\Windows\System32\win32u.dll
0x00007ff8f70e0000 - 0x00007ff8f710b000 	C:\Windows\System32\GDI32.dll
0x00007ff8dd550000 - 0x00007ff8dd7ea000 	C:\Windows\WinSxS\amd64_microsoft.windows.common-controls_6595b64144ccf1df_6.0.19041.1110_none_60b5254171f9507e\COMCTL32.dll
0x00007ff8f5550000 - 0x00007ff8f565f000 	C:\Windows\System32\gdi32full.dll
0x00007ff8f56b0000 - 0x00007ff8f574d000 	C:\Windows\System32\msvcp_win.dll
0x00007ff8f05f0000 - 0x00007ff8f05fa000 	C:\Windows\SYSTEM32\VERSION.dll
0x00007ff8f6f80000 - 0x00007ff8f6fb2000 	C:\Windows\System32\IMM32.DLL
0x00007ff8f0750000 - 0x00007ff8f075c000 	C:\Program Files\Java\jdk-17.0.1\bin\vcruntime140_1.dll
0x00007ff8b8900000 - 0x00007ff8b898d000 	C:\Program Files\Java\jdk-17.0.1\bin\msvcp140.dll
0x00007ff87dfe0000 - 0x00007ff87eb9e000 	C:\Program Files\Java\jdk-17.0.1\bin\server\jvm.dll
0x00007ff8f5f90000 - 0x00007ff8f5f98000 	C:\Windows\System32\PSAPI.DLL
0x00007ff8dcf40000 - 0x00007ff8dcf67000 	C:\Windows\SYSTEM32\WINMM.dll
0x00007ff8cd200000 - 0x00007ff8cd209000 	C:\Windows\SYSTEM32\WSOCK32.dll
0x00007ff8f6ac0000 - 0x00007ff8f6b2b000 	C:\Windows\System32\WS2_32.dll
0x00007ff8f3920000 - 0x00007ff8f3932000 	C:\Windows\SYSTEM32\kernel.appcore.dll
0x00007ff8b88f0000 - 0x00007ff8b88fa000 	C:\Program Files\Java\jdk-17.0.1\bin\jimage.dll
0x00007ff8f2e70000 - 0x00007ff8f3054000 	C:\Windows\SYSTEM32\DBGHELP.DLL
0x00007ff8e7700000 - 0x00007ff8e772c000 	C:\Windows\SYSTEM32\dbgcore.DLL
0x00007ff8f51b0000 - 0x00007ff8f5232000 	C:\Windows\System32\bcryptPrimitives.dll
0x00007ff8b88c0000 - 0x00007ff8b88e5000 	C:\Program Files\Java\jdk-17.0.1\bin\java.dll

dbghelp: loaded successfully - version: 4.0.5 - missing functions: none
symbol engine: initialized successfully - sym options: 0x614 - pdb path: .;C:\Program Files\Java\jdk-17.0.1\bin;C:\Windows\SYSTEM32;C:\Windows\WinSxS\amd64_microsoft.windows.common-controls_6595b64144ccf1df_6.0.19041.1110_none_60b5254171f9507e;C:\Program Files\Java\jdk-17.0.1\bin\server

VM Arguments:
java_command: wallet.LoginPage
java_class_path (initial): C:\Users\jonan\Downloads\Moneyish-main\Moneyish-main\11.29.22 SimpleBlockchain\target\classes;C:\Users\jonan\.m2\repository\com\google\code\gson\gson\2.10\gson-2.10.jar;C:\Users\jonan\.m2\repository\org\bouncycastle\bcprov-jdk15on\1.70\bcprov-jdk15on-1.70.jar;C:\Users\jonan\.m2\repository\com\tonicsystems\jarjar\0.2\jarjar-0.2.jar;C:\Users\jonan\.m2\repository\net\sf\jsr107cache\jsr107cache\1.0\jsr107cache-1.0.jar;C:\Users\jonan\.m2\repository\com\fasterxml\jackson\core\jackson-databind\2.12.2\jackson-databind-2.12.2.jar;C:\Users\jonan\.m2\repository\com\fasterxml\jackson\core\jackson-annotations\2.12.2\jackson-annotations-2.12.2.jar;C:\Users\jonan\.m2\repository\com\fasterxml\jackson\core\jackson-core\2.12.2\jackson-core-2.12.2.jar
Launcher Type: SUN_STANDARD

[Global flags]
     intx CICompilerCount                          = 4                                         {product} {ergonomic}
     uint ConcGCThreads                            = 2                                         {product} {ergonomic}
     uint G1ConcRefinementThreads                  = 8                                         {product} {ergonomic}
   size_t G1HeapRegionSize                         = 2097152                                   {product} {ergonomic}
    uintx GCDrainStackTargetSize                   = 64                                        {product} {ergonomic}
   size_t InitialHeapSize                          = 264241152                                 {product} {ergonomic}
   size_t MarkStackSize                            = 4194304                                   {product} {ergonomic}
   size_t MaxHeapSize                              = 4223664128                                {product} {ergonomic}
   size_t MinHeapDeltaBytes                        = 2097152                                   {product} {ergonomic}
   size_t MinHeapSize                              = 8388608                                   {product} {ergonomic}
    uintx NonNMethodCodeHeapSize                   = 5839372                                {pd product} {ergonomic}
    uintx NonProfiledCodeHeapSize                  = 122909434                              {pd product} {ergonomic}
    uintx ProfiledCodeHeapSize                     = 122909434                              {pd product} {ergonomic}
    uintx ReservedCodeCacheSize                    = 251658240                              {pd product} {ergonomic}
     bool SegmentedCodeCache                       = true                                      {product} {ergonomic}
   size_t SoftMaxHeapSize                          = 4223664128                             {manageable} {ergonomic}
     bool UseCompressedClassPointers               = true                           {product lp64_product} {ergonomic}
     bool UseCompressedOops                        = true                           {product lp64_product} {ergonomic}
     bool UseG1GC                                  = true                                      {product} {ergonomic}
     bool UseLargePagesIndividualAllocation        = false                                  {pd product} {ergonomic}

Logging:
Log output configuration:
 #0: stdout all=warning uptime,level,tags
 #1: stderr all=off uptime,level,tags

Environment Variables:
JAVA_HOME=C:\Program Files\Java\jdk-17.0.1
PATH=C:\Program Files\Common Files\Oracle\Java\javapath;C:\Program Files (x86)\Common Files\Oracle\Java\javapath;C:\Windows\system32;C:\Windows;C:\Windows\System32\Wbem;C:\Windows\System32\WindowsPowerShell\v1.0\;C:\Windows\System32\OpenSSH\;C:\msys64\mingw64\bin;C:\Program Files (x86)\Silverfrost\FTN95;C:\Program Files\nodejs\;C:\Program Files\MATLAB\R2022a\bin;C:\Users\jonan\Downloads\ArangoDB3e-3.9.1_win64.zip\ArangoDB3e-3.9.1_win64\usr\bin;C:\Program Files\Docker\Docker\resources\bin;C:\ProgramData\DockerDesktop\version-bin;C:\Program Files (x86)\sqlite3;C:\Program Files\dotnet\;C:\Program Files\Go\bin;C:\Program Files\Git\cmd;C:\Users\jonan\AppData\Local\Programs\Python\Python310\Scripts\;C:\Users\jonan\AppData\Local\Programs\Python\Python310\;C:\Users\jonan\AppData\Local\Microsoft\WindowsApps;C:\Users\jonan\AppData\Local\Programs\Microsoft VS Code\bin;C:\MinGW\bin;C:\Users\jonan\AppData\Roaming\npm;C:\Users\jonan\go\bin
USERNAME=jonan
OS=Windows_NT
PROCESSOR_IDENTIFIER=Intel64 Family 6 Model 140 Stepping 1, GenuineIntel



---------------  S Y S T E M  ---------------

OS:
 Windows 10 , 64 bit Build 19041 (10.0.19041.2251)
OS uptime: 0 days 23:49 hours
Hyper-V role detected

CPU: total 8 (initial active 8) (4 cores per cpu, 2 threads per core) family 6 model 140 stepping 1 microcode 0xa4, cx8, cmov, fxsr, ht, mmx, 3dnowpref, sse, sse2, sse3, ssse3, sse4.1, sse4.2, popcnt, lzcnt, tsc, tscinvbit, avx, avx2, aes, erms, clmul, bmi1, bmi2, adx, avx512f, avx512dq, avx512cd, avx512bw, avx512vl, sha, fma, vzeroupper, avx512_vpopcntdq, avx512_vpclmulqdq, avx512_vaes, avx512_vnni, clflush, clflushopt, clwb, avx512_vbmi2, avx512_vbmi, hv

Memory: 4k page, system-wide physical 16106M (4850M free)
TotalPageFile size 18994M (AvailPageFile size 93M)
current process WorkingSet (physical memory assigned to process): 10M, peak: 10M
current process commit charge ("private bytes"): 60M, peak: 312M

vm_info: Java HotSpot(TM) 64-Bit Server VM (17.0.1+12-LTS-39) for windows-amd64 JRE (17.0.1+12-LTS-39), built on Sep 27 2021 18:41:35 by "mach5one" with MS VC++ 16.8 (VS2019)

END.
